#
# There is insufficient memory for the Java Runtime Environment to continue.
# Native memory allocation (malloc) failed to allocate 18484568 bytes. Error detail: Chunk::new
# Possible reasons:
#   The system is out of physical RAM or swap space
#   This process is running with CompressedOops enabled, and the Java Heap may be blocking the growth of the native heap
# Possible solutions:
#   Reduce memory load on the system
#   Increase physical memory or swap space
#   Check if swap backing store is full
#   Decrease Java heap size (-Xmx/-Xms)
#   Decrease number of Java threads
#   Decrease Java thread stack sizes (-Xss)
#   Set larger code cache with -XX:ReservedCodeCacheSize=
#   JVM is running with Unscaled Compressed Oops mode in which the Java heap is
#     placed in the first 4GB address space. The Java Heap base address is the
#     maximum limit for the native heap growth. Please use -XX:HeapBaseMinAddress
#     to set the Java Heap base and to place the Java Heap above 4GB virtual address.
# This output file may be truncated or incomplete.
#
#  Out of Memory Error (arena.cpp:186), pid=24640, tid=21344
#
# JRE version: Java(TM) SE Runtime Environment (25.0.3+9) (build 25.0.3+9-LTS-195)
# Java VM: Java HotSpot(TM) 64-Bit Server VM (25.0.3+9-LTS-195, mixed mode, sharing, tiered, compressed oops, compressed class ptrs, g1 gc, windows-amd64)
# No core dump will be written. Minidumps are not enabled by default on client versions of Windows
#

---------------  S U M M A R Y ------------

Command Line: -XX:+ShowCodeDetailsInExceptionMessages com.codewith.firstapp.FirstappApplication

Host: AMD Ryzen 3 5300U with Radeon Graphics         , 8 cores, 7G,  Windows 11 , 64 bit Build 26100 (10.0.26100.8521)
Time: Fri Jun 19 11:02:56 2026 India Standard Time elapsed time: 4.008889 seconds (0d 0h 0m 4s)

---------------  T H R E A D  ---------------

Current thread (0x0000025f659053f0):  JavaThread "C2 CompilerThread0" daemon [_thread_in_native, id=21344, stack(0x000000b148300000,0x000000b148400000) (1024K)]


Current CompileTask:
C2:4009 2915       4       java.lang.invoke.MethodType::makeImpl (109 bytes)

Stack: [0x000000b148300000,0x000000b148400000]
Native frames: (J=compiled Java code, j=interpreted, Vv=VM code, C=native code)
V  [jvm.dll+0x7a7d69]  (no source info available)
V  [jvm.dll+0x7739dd]  (no source info available)
V  [jvm.dll+0x9669f3]  (no source info available)
V  [jvm.dll+0x968ff1]  (no source info available)
V  [jvm.dll+0x969703]  (no source info available)
V  [jvm.dll+0x2fc9e6]  (no source info available)
V  [jvm.dll+0x111c96]  (no source info available)
V  [jvm.dll+0x111fbe]  (no source info available)
V  [jvm.dll+0x1a09f2]  (no source info available)
V  [jvm.dll+0x3b56d2]  (no source info available)
V  [jvm.dll+0x7ad6ff]  (no source info available)
V  [jvm.dll+0x2c0d37]  (no source info available)
V  [jvm.dll+0x2bfcff]  (no source info available)
V  [jvm.dll+0x237b20]  (no source info available)
V  [jvm.dll+0x2cfe26]  (no source info available)
V  [jvm.dll+0x2ce0a5]  (no source info available)
V  [jvm.dll+0x48ee81]  (no source info available)
V  [jvm.dll+0x907c6d]  (no source info available)
V  [jvm.dll+0x7a6345]  (no source info available)
C  [ucrtbase.dll+0x2cd30]  (no source info available)
C  [KERNEL32.DLL+0x2e957]  (no source info available)
C  [ntdll.dll+0x87c1c]  (no source info available)

Lock stack of current Java thread (top to bottom):


---------------  P R O C E S S  ---------------

Threads class SMR info:
_java_thread_list=0x0000025f08243240, length=13, elements={
0x0000025f63466f70, 0x0000025f0238b250, 0x0000025f0238c580, 0x0000025f0238e5f0,
0x0000025f023911c0, 0x0000025f023928f0, 0x0000025f02394020, 0x0000025f659053f0,
0x0000025f65907430, 0x0000025f0241d770, 0x0000025f0241e330, 0x0000025f65908c60,
0x0000025f6590a490
}

Java Threads: ( => current thread )
  0x0000025f63466f70 JavaThread "main"                              [_thread_in_vm, id=23468, stack(0x000000b147500000,0x000000b147600000) (1024K)]
  0x0000025f0238b250 JavaThread "Reference Handler"          daemon [_thread_blocked, id=2020, stack(0x000000b147d00000,0x000000b147e00000) (1024K)]
  0x0000025f0238c580 JavaThread "Finalizer"                  daemon [_thread_blocked, id=8084, stack(0x000000b147e00000,0x000000b147f00000) (1024K)]
  0x0000025f0238e5f0 JavaThread "Signal Dispatcher"          daemon [_thread_blocked, id=10476, stack(0x000000b147f00000,0x000000b148000000) (1024K)]
  0x0000025f023911c0 JavaThread "Attach Listener"            daemon [_thread_blocked, id=23332, stack(0x000000b148000000,0x000000b148100000) (1024K)]
  0x0000025f023928f0 JavaThread "Service Thread"             daemon [_thread_blocked, id=25516, stack(0x000000b148100000,0x000000b148200000) (1024K)]
  0x0000025f02394020 JavaThread "Monitor Deflation Thread"   daemon [_thread_blocked, id=10208, stack(0x000000b148200000,0x000000b148300000) (1024K)]
=>0x0000025f659053f0 JavaThread "C2 CompilerThread0"         daemon [_thread_in_native, id=21344, stack(0x000000b148300000,0x000000b148400000) (1024K)]
  0x0000025f65907430 JavaThread "C1 CompilerThread0"         daemon [_thread_in_native, id=20004, stack(0x000000b148400000,0x000000b148500000) (1024K)]
  0x0000025f0241d770 JavaThread "Notification Thread"        daemon [_thread_blocked, id=19516, stack(0x000000b148500000,0x000000b148600000) (1024K)]
  0x0000025f0241e330 JavaThread "Common-Cleaner"             daemon [_thread_blocked, id=13828, stack(0x000000b148600000,0x000000b148700000) (1024K)]
  0x0000025f65908c60 JavaThread "C2 CompilerThread1"         daemon [_thread_in_native, id=16396, stack(0x000000b148700000,0x000000b148800000) (1024K)]
  0x0000025f6590a490 JavaThread "C2 CompilerThread2"         daemon [_thread_in_native, id=22408, stack(0x000000b148800000,0x000000b148900000) (1024K)]
Total: 13

Other Threads:
  0x0000025f023782f0 VMThread "VM Thread"                           [id=25352, stack(0x000000b147c00000,0x000000b147d00000) (1024K)]
  0x0000025f658f8690 WatcherThread "VM Periodic Task Thread"        [id=8668, stack(0x000000b147b00000,0x000000b147c00000) (1024K)]
  0x0000025f65955420 WorkerThread "GC Thread#0"                     [id=24740, stack(0x000000b147600000,0x000000b147700000) (1024K)]
  0x0000025f07b071f0 WorkerThread "GC Thread#1"                     [id=6956, stack(0x000000b148900000,0x000000b148a00000) (1024K)]
  0x0000025f07b06500 WorkerThread "GC Thread#2"                     [id=24652, stack(0x000000b148a00000,0x000000b148b00000) (1024K)]
  0x0000025f07b05c60 WorkerThread "GC Thread#3"                     [id=18324, stack(0x000000b148b00000,0x000000b148c00000) (1024K)]
  0x0000025f07b07640 WorkerThread "GC Thread#4"                     [id=10828, stack(0x000000b148c00000,0x000000b148d00000) (1024K)]
  0x0000025f07b06da0 WorkerThread "GC Thread#5"                     [id=9992, stack(0x000000b148d00000,0x000000b148e00000) (1024K)]
  0x0000025f07b06950 WorkerThread "GC Thread#6"                     [id=9224, stack(0x000000b148e00000,0x000000b148f00000) (1024K)]
  0x0000025f07b053c0 WorkerThread "GC Thread#7"                     [id=19616, stack(0x000000b148f00000,0x000000b149000000) (1024K)]
  0x0000025f6596e3c0 ConcurrentGCThread "G1 Main Marker"            [id=16272, stack(0x000000b147700000,0x000000b147800000) (1024K)]
  0x0000025f6596fc50 WorkerThread "G1 Conc#0"                       [id=18952, stack(0x000000b147800000,0x000000b147900000) (1024K)]
  0x0000025f659ae5b0 ConcurrentGCThread "G1 Refine#0"               [id=10396, stack(0x000000b147900000,0x000000b147a00000) (1024K)]
  0x0000025f0222de70 ConcurrentGCThread "G1 Service"                [id=14340, stack(0x000000b147a00000,0x000000b147b00000) (1024K)]
Total: 14

Threads with active compile tasks:
C2 CompilerThread0  4151 2915       4       java.lang.invoke.MethodType::makeImpl (109 bytes)
C1 CompilerThread0  4151 3373       3       jdk.internal.classfile.impl.StackMapDecoder::initFrameLocals (328 bytes)
C2 CompilerThread1  4151 3241   !   4       jdk.internal.loader.BuiltinClassLoader::loadClassOrNull (143 bytes)
C2 CompilerThread2  4151 3259   !   4       java.util.zip.InflaterInputStream::read (129 bytes)
Total: 4

VM state: not at safepoint (normal execution)

VM Mutex/Monitor currently owned by a thread: None

Heap address: 0x000000008ac00000, size: 1876 MB, Compressed Oops mode: 32-bit

CDS archive(s) mapped at: [0x000000001b000000-0x000000001bdd0000-0x000000001bdd0000), size 14483456, SharedBaseAddress: 0x000000001b000000, ArchiveRelocationMode: 1.
Compressed class space mapped at: 0x000000001c000000-0x000000005c000000, reserved size: 1073741824
UseCompressedClassPointers 1, UseCompactObjectHeaders 0
Narrow klass pointer bits 32, Max shift 3
Narrow klass base: 0x000000001b000000, Narrow klass shift: 0
Encoding Range: [0x000000001b000000 - 0x000000011b000000), (4294967296 bytes)
Klass Range:    [0x000000001b010000 - 0x000000005c000000), (1090453504 bytes)
Klass ID Range:  [65536 - 1090519033) (1090453497)
Protection zone: [0x000000001b000000 - 0x000000001b010000), (65536 bytes)

GC Precious Log:
 CardTable entry size: 512
 Card Set container configuration: InlinePtr #cards 5 size 8 Array Of Cards #cards 10 size 36 Howl #buckets 4 coarsen threshold 1843 Howl Bitmap #cards 512 size 80 coarsen threshold 460 Card regions per heap region 1 cards per card region 2048
 CPUs: 8 total, 8 available
 Memory: 7502M
 Large Page Support: Disabled
 NUMA Support: Disabled
 Compressed Oops: Enabled (32-bit)
 Heap Region Size: 1M
 Heap Min Capacity: 8M
 Heap Initial Capacity: 118M
 Heap Max Capacity: 1876M
 Pre-touch: Disabled
 Parallel Workers: 8
 Concurrent Workers: 2
 Concurrent Refinement Workers: 8
 Periodic GC: Disabled

Heap:
 garbage-first heap   total reserved 1921024K, committed 122880K, used 45973K [0x000000008ac00000, 0x0000000100000000)
  region size 1024K, 45 young (46080K), 6 survivors (6144K)

Heap Regions: E=young(eden), S=young(survivor), O=old, HS=humongous(starts), HC=humongous(continues), CS=collection set, F=free, TAMS=top-at-mark-start, PB=parsable bottom
|   0|0x000000008ac00000, 0x000000008ac00000, 0x000000008ad00000|  0%| F|  |TAMS 0x000000008ac00000| PB 0x000000008ac00000| Untracked |  0
|   1|0x000000008ad00000, 0x000000008ad00000, 0x000000008ae00000|  0%| F|  |TAMS 0x000000008ad00000| PB 0x000000008ad00000| Untracked |  0
|   2|0x000000008ae00000, 0x000000008ae00000, 0x000000008af00000|  0%| F|  |TAMS 0x000000008ae00000| PB 0x000000008ae00000| Untracked |  0
|   3|0x000000008af00000, 0x000000008af00000, 0x000000008b000000|  0%| F|  |TAMS 0x000000008af00000| PB 0x000000008af00000| Untracked |  0
|   4|0x000000008b000000, 0x000000008b000000, 0x000000008b100000|  0%| F|  |TAMS 0x000000008b000000| PB 0x000000008b000000| Untracked |  0
|   5|0x000000008b100000, 0x000000008b100000, 0x000000008b200000|  0%| F|  |TAMS 0x000000008b100000| PB 0x000000008b100000| Untracked |  0
|   6|0x000000008b200000, 0x000000008b200000, 0x000000008b300000|  0%| F|  |TAMS 0x000000008b200000| PB 0x000000008b200000| Untracked |  0
|   7|0x000000008b300000, 0x000000008b300000, 0x000000008b400000|  0%| F|  |TAMS 0x000000008b300000| PB 0x000000008b300000| Untracked |  0
|   8|0x000000008b400000, 0x000000008b400000, 0x000000008b500000|  0%| F|  |TAMS 0x000000008b400000| PB 0x000000008b400000| Untracked |  0
|   9|0x000000008b500000, 0x000000008b500000, 0x000000008b600000|  0%| F|  |TAMS 0x000000008b500000| PB 0x000000008b500000| Untracked |  0
|  10|0x000000008b600000, 0x000000008b600000, 0x000000008b700000|  0%| F|  |TAMS 0x000000008b600000| PB 0x000000008b600000| Untracked |  0
|  11|0x000000008b700000, 0x000000008b700000, 0x000000008b800000|  0%| F|  |TAMS 0x000000008b700000| PB 0x000000008b700000| Untracked |  0
|  12|0x000000008b800000, 0x000000008b800000, 0x000000008b900000|  0%| F|  |TAMS 0x000000008b800000| PB 0x000000008b800000| Untracked |  0
|  13|0x000000008b900000, 0x000000008b900000, 0x000000008ba00000|  0%| F|  |TAMS 0x000000008b900000| PB 0x000000008b900000| Untracked |  0
|  14|0x000000008ba00000, 0x000000008ba00000, 0x000000008bb00000|  0%| F|  |TAMS 0x000000008ba00000| PB 0x000000008ba00000| Untracked |  0
|  15|0x000000008bb00000, 0x000000008bb00000, 0x000000008bc00000|  0%| F|  |TAMS 0x000000008bb00000| PB 0x000000008bb00000| Untracked |  0
|  16|0x000000008bc00000, 0x000000008bc00000, 0x000000008bd00000|  0%| F|  |TAMS 0x000000008bc00000| PB 0x000000008bc00000| Untracked |  0
|  17|0x000000008bd00000, 0x000000008bd00000, 0x000000008be00000|  0%| F|  |TAMS 0x000000008bd00000| PB 0x000000008bd00000| Untracked |  0
|  18|0x000000008be00000, 0x000000008be00000, 0x000000008bf00000|  0%| F|  |TAMS 0x000000008be00000| PB 0x000000008be00000| Untracked |  0
|  19|0x000000008bf00000, 0x000000008bf00000, 0x000000008c000000|  0%| F|  |TAMS 0x000000008bf00000| PB 0x000000008bf00000| Untracked |  0
|  20|0x000000008c000000, 0x000000008c000000, 0x000000008c100000|  0%| F|  |TAMS 0x000000008c000000| PB 0x000000008c000000| Untracked |  0
|  21|0x000000008c100000, 0x000000008c100000, 0x000000008c200000|  0%| F|  |TAMS 0x000000008c100000| PB 0x000000008c100000| Untracked |  0
|  22|0x000000008c200000, 0x000000008c200000, 0x000000008c300000|  0%| F|  |TAMS 0x000000008c200000| PB 0x000000008c200000| Untracked |  0
|  23|0x000000008c300000, 0x000000008c300000, 0x000000008c400000|  0%| F|  |TAMS 0x000000008c300000| PB 0x000000008c300000| Untracked |  0
|  24|0x000000008c400000, 0x000000008c400000, 0x000000008c500000|  0%| F|  |TAMS 0x000000008c400000| PB 0x000000008c400000| Untracked |  0
|  25|0x000000008c500000, 0x000000008c500000, 0x000000008c600000|  0%| F|  |TAMS 0x000000008c500000| PB 0x000000008c500000| Untracked |  0
|  26|0x000000008c600000, 0x000000008c600000, 0x000000008c700000|  0%| F|  |TAMS 0x000000008c600000| PB 0x000000008c600000| Untracked |  0
|  27|0x000000008c700000, 0x000000008c700000, 0x000000008c800000|  0%| F|  |TAMS 0x000000008c700000| PB 0x000000008c700000| Untracked |  0
|  28|0x000000008c800000, 0x000000008c800000, 0x000000008c900000|  0%| F|  |TAMS 0x000000008c800000| PB 0x000000008c800000| Untracked |  0
|  29|0x000000008c900000, 0x000000008c900000, 0x000000008ca00000|  0%| F|  |TAMS 0x000000008c900000| PB 0x000000008c900000| Untracked |  0
|  30|0x000000008ca00000, 0x000000008ca00000, 0x000000008cb00000|  0%| F|  |TAMS 0x000000008ca00000| PB 0x000000008ca00000| Untracked |  0
|  31|0x000000008cb00000, 0x000000008cb00000, 0x000000008cc00000|  0%| F|  |TAMS 0x000000008cb00000| PB 0x000000008cb00000| Untracked |  0
|  32|0x000000008cc00000, 0x000000008cc00000, 0x000000008cd00000|  0%| F|  |TAMS 0x000000008cc00000| PB 0x000000008cc00000| Untracked |  0
|  33|0x000000008cd00000, 0x000000008cd00000, 0x000000008ce00000|  0%| F|  |TAMS 0x000000008cd00000| PB 0x000000008cd00000| Untracked |  0
|  34|0x000000008ce00000, 0x000000008ce00000, 0x000000008cf00000|  0%| F|  |TAMS 0x000000008ce00000| PB 0x000000008ce00000| Untracked |  0
|  35|0x000000008cf00000, 0x000000008cf00000, 0x000000008d000000|  0%| F|  |TAMS 0x000000008cf00000| PB 0x000000008cf00000| Untracked |  0
|  36|0x000000008d000000, 0x000000008d000000, 0x000000008d100000|  0%| F|  |TAMS 0x000000008d000000| PB 0x000000008d000000| Untracked |  0
|  37|0x000000008d100000, 0x000000008d100000, 0x000000008d200000|  0%| F|  |TAMS 0x000000008d100000| PB 0x000000008d100000| Untracked |  0
|  38|0x000000008d200000, 0x000000008d200000, 0x000000008d300000|  0%| F|  |TAMS 0x000000008d200000| PB 0x000000008d200000| Untracked |  0
|  39|0x000000008d300000, 0x000000008d300000, 0x000000008d400000|  0%| F|  |TAMS 0x000000008d300000| PB 0x000000008d300000| Untracked |  0
|  40|0x000000008d400000, 0x000000008d400000, 0x000000008d500000|  0%| F|  |TAMS 0x000000008d400000| PB 0x000000008d400000| Untracked |  0
|  41|0x000000008d500000, 0x000000008d500000, 0x000000008d600000|  0%| F|  |TAMS 0x000000008d500000| PB 0x000000008d500000| Untracked |  0
|  42|0x000000008d600000, 0x000000008d600000, 0x000000008d700000|  0%| F|  |TAMS 0x000000008d600000| PB 0x000000008d600000| Untracked |  0
|  43|0x000000008d700000, 0x000000008d700000, 0x000000008d800000|  0%| F|  |TAMS 0x000000008d700000| PB 0x000000008d700000| Untracked |  0
|  44|0x000000008d800000, 0x000000008d800000, 0x000000008d900000|  0%| F|  |TAMS 0x000000008d800000| PB 0x000000008d800000| Untracked |  0
|  45|0x000000008d900000, 0x000000008d900000, 0x000000008da00000|  0%| F|  |TAMS 0x000000008d900000| PB 0x000000008d900000| Untracked |  0
|  46|0x000000008da00000, 0x000000008da00000, 0x000000008db00000|  0%| F|  |TAMS 0x000000008da00000| PB 0x000000008da00000| Untracked |  0
|  47|0x000000008db00000, 0x000000008db00000, 0x000000008dc00000|  0%| F|  |TAMS 0x000000008db00000| PB 0x000000008db00000| Untracked |  0
|  48|0x000000008dc00000, 0x000000008dc00000, 0x000000008dd00000|  0%| F|  |TAMS 0x000000008dc00000| PB 0x000000008dc00000| Untracked |  0
|  49|0x000000008dd00000, 0x000000008dd00000, 0x000000008de00000|  0%| F|  |TAMS 0x000000008dd00000| PB 0x000000008dd00000| Untracked |  0
|  50|0x000000008de00000, 0x000000008de00000, 0x000000008df00000|  0%| F|  |TAMS 0x000000008de00000| PB 0x000000008de00000| Untracked |  0
|  51|0x000000008df00000, 0x000000008df00000, 0x000000008e000000|  0%| F|  |TAMS 0x000000008df00000| PB 0x000000008df00000| Untracked |  0
|  52|0x000000008e000000, 0x000000008e000000, 0x000000008e100000|  0%| F|  |TAMS 0x000000008e000000| PB 0x000000008e000000| Untracked |  0
|  53|0x000000008e100000, 0x000000008e100000, 0x000000008e200000|  0%| F|  |TAMS 0x000000008e100000| PB 0x000000008e100000| Untracked |  0
|  54|0x000000008e200000, 0x000000008e200000, 0x000000008e300000|  0%| F|  |TAMS 0x000000008e200000| PB 0x000000008e200000| Untracked |  0
|  55|0x000000008e300000, 0x000000008e300000, 0x000000008e400000|  0%| F|  |TAMS 0x000000008e300000| PB 0x000000008e300000| Untracked |  0
|  56|0x000000008e400000, 0x000000008e400000, 0x000000008e500000|  0%| F|  |TAMS 0x000000008e400000| PB 0x000000008e400000| Untracked |  0
|  57|0x000000008e500000, 0x000000008e500000, 0x000000008e600000|  0%| F|  |TAMS 0x000000008e500000| PB 0x000000008e500000| Untracked |  0
|  58|0x000000008e600000, 0x000000008e600000, 0x000000008e700000|  0%| F|  |TAMS 0x000000008e600000| PB 0x000000008e600000| Untracked |  0
|  59|0x000000008e700000, 0x000000008e700000, 0x000000008e800000|  0%| F|  |TAMS 0x000000008e700000| PB 0x000000008e700000| Untracked |  0
|  60|0x000000008e800000, 0x000000008e800000, 0x000000008e900000|  0%| F|  |TAMS 0x000000008e800000| PB 0x000000008e800000| Untracked |  0
|  61|0x000000008e900000, 0x000000008e900000, 0x000000008ea00000|  0%| F|  |TAMS 0x000000008e900000| PB 0x000000008e900000| Untracked |  0
|  62|0x000000008ea00000, 0x000000008ea00000, 0x000000008eb00000|  0%| F|  |TAMS 0x000000008ea00000| PB 0x000000008ea00000| Untracked |  0
|  63|0x000000008eb00000, 0x000000008eb00000, 0x000000008ec00000|  0%| F|  |TAMS 0x000000008eb00000| PB 0x000000008eb00000| Untracked |  0
|  64|0x000000008ec00000, 0x000000008ec00000, 0x000000008ed00000|  0%| F|  |TAMS 0x000000008ec00000| PB 0x000000008ec00000| Untracked |  0
|  65|0x000000008ed00000, 0x000000008edc0000, 0x000000008ee00000| 75%| S|CS|TAMS 0x000000008ed00000| PB 0x000000008ed00000| Complete |  0
|  66|0x000000008ee00000, 0x000000008ef00000, 0x000000008ef00000|100%| S|CS|TAMS 0x000000008ee00000| PB 0x000000008ee00000| Complete |  0
|  67|0x000000008ef00000, 0x000000008f000000, 0x000000008f000000|100%| S|CS|TAMS 0x000000008ef00000| PB 0x000000008ef00000| Complete |  0
|  68|0x000000008f000000, 0x000000008f100000, 0x000000008f100000|100%| S|CS|TAMS 0x000000008f000000| PB 0x000000008f000000| Complete |  0
|  69|0x000000008f100000, 0x000000008f200000, 0x000000008f200000|100%| S|CS|TAMS 0x000000008f100000| PB 0x000000008f100000| Complete |  0
|  70|0x000000008f200000, 0x000000008f300000, 0x000000008f300000|100%| S|CS|TAMS 0x000000008f200000| PB 0x000000008f200000| Complete |  0
|  71|0x000000008f300000, 0x000000008f300000, 0x000000008f400000|  0%| F|  |TAMS 0x000000008f300000| PB 0x000000008f300000| Untracked |  0
|  72|0x000000008f400000, 0x000000008f400000, 0x000000008f500000|  0%| F|  |TAMS 0x000000008f400000| PB 0x000000008f400000| Untracked |  0
|  73|0x000000008f500000, 0x000000008f500000, 0x000000008f600000|  0%| F|  |TAMS 0x000000008f500000| PB 0x000000008f500000| Untracked |  0
|  74|0x000000008f600000, 0x000000008f600000, 0x000000008f700000|  0%| F|  |TAMS 0x000000008f600000| PB 0x000000008f600000| Untracked |  0
|  75|0x000000008f700000, 0x000000008f700000, 0x000000008f800000|  0%| F|  |TAMS 0x000000008f700000| PB 0x000000008f700000| Untracked |  0
|  76|0x000000008f800000, 0x000000008f800000, 0x000000008f900000|  0%| F|  |TAMS 0x000000008f800000| PB 0x000000008f800000| Untracked |  0
|  77|0x000000008f900000, 0x000000008f900000, 0x000000008fa00000|  0%| F|  |TAMS 0x000000008f900000| PB 0x000000008f900000| Untracked |  0
|  78|0x000000008fa00000, 0x000000008fa00000, 0x000000008fb00000|  0%| F|  |TAMS 0x000000008fa00000| PB 0x000000008fa00000| Untracked |  0
|  79|0x000000008fb00000, 0x000000008fc00000, 0x000000008fc00000|100%| E|  |TAMS 0x000000008fb00000| PB 0x000000008fb00000| Complete |  0
|  80|0x000000008fc00000, 0x000000008fd00000, 0x000000008fd00000|100%| E|CS|TAMS 0x000000008fc00000| PB 0x000000008fc00000| Complete |  0
|  81|0x000000008fd00000, 0x000000008fe00000, 0x000000008fe00000|100%| E|CS|TAMS 0x000000008fd00000| PB 0x000000008fd00000| Complete |  0
|  82|0x000000008fe00000, 0x000000008ff00000, 0x000000008ff00000|100%| E|CS|TAMS 0x000000008fe00000| PB 0x000000008fe00000| Complete |  0
|  83|0x000000008ff00000, 0x0000000090000000, 0x0000000090000000|100%| E|CS|TAMS 0x000000008ff00000| PB 0x000000008ff00000| Complete |  0
|  84|0x0000000090000000, 0x0000000090100000, 0x0000000090100000|100%| E|CS|TAMS 0x0000000090000000| PB 0x0000000090000000| Complete |  0
|  85|0x0000000090100000, 0x0000000090200000, 0x0000000090200000|100%| E|CS|TAMS 0x0000000090100000| PB 0x0000000090100000| Complete |  0
|  86|0x0000000090200000, 0x0000000090300000, 0x0000000090300000|100%| E|CS|TAMS 0x0000000090200000| PB 0x0000000090200000| Complete |  0
|  87|0x0000000090300000, 0x0000000090400000, 0x0000000090400000|100%| E|CS|TAMS 0x0000000090300000| PB 0x0000000090300000| Complete |  0
|  88|0x0000000090400000, 0x0000000090500000, 0x0000000090500000|100%| E|CS|TAMS 0x0000000090400000| PB 0x0000000090400000| Complete |  0
|  89|0x0000000090500000, 0x0000000090600000, 0x0000000090600000|100%| E|CS|TAMS 0x0000000090500000| PB 0x0000000090500000| Complete |  0
|  90|0x0000000090600000, 0x0000000090700000, 0x0000000090700000|100%| E|CS|TAMS 0x0000000090600000| PB 0x0000000090600000| Complete |  0
|  91|0x0000000090700000, 0x0000000090800000, 0x0000000090800000|100%| E|CS|TAMS 0x0000000090700000| PB 0x0000000090700000| Complete |  0
|  92|0x0000000090800000, 0x0000000090900000, 0x0000000090900000|100%| E|CS|TAMS 0x0000000090800000| PB 0x0000000090800000| Complete |  0
|  93|0x0000000090900000, 0x0000000090a00000, 0x0000000090a00000|100%| E|CS|TAMS 0x0000000090900000| PB 0x0000000090900000| Complete |  0
|  94|0x0000000090a00000, 0x0000000090b00000, 0x0000000090b00000|100%| E|CS|TAMS 0x0000000090a00000| PB 0x0000000090a00000| Complete |  0
|  95|0x0000000090b00000, 0x0000000090c00000, 0x0000000090c00000|100%| E|CS|TAMS 0x0000000090b00000| PB 0x0000000090b00000| Complete |  0
|  96|0x0000000090c00000, 0x0000000090d00000, 0x0000000090d00000|100%| E|CS|TAMS 0x0000000090c00000| PB 0x0000000090c00000| Complete |  0
|  97|0x0000000090d00000, 0x0000000090e00000, 0x0000000090e00000|100%| E|CS|TAMS 0x0000000090d00000| PB 0x0000000090d00000| Complete |  0
|  98|0x0000000090e00000, 0x0000000090f00000, 0x0000000090f00000|100%| E|CS|TAMS 0x0000000090e00000| PB 0x0000000090e00000| Complete |  0
|  99|0x0000000090f00000, 0x0000000091000000, 0x0000000091000000|100%| E|CS|TAMS 0x0000000090f00000| PB 0x0000000090f00000| Complete |  0
| 100|0x0000000091000000, 0x0000000091100000, 0x0000000091100000|100%| E|CS|TAMS 0x0000000091000000| PB 0x0000000091000000| Complete |  0
| 101|0x0000000091100000, 0x0000000091200000, 0x0000000091200000|100%| E|CS|TAMS 0x0000000091100000| PB 0x0000000091100000| Complete |  0
| 102|0x0000000091200000, 0x0000000091300000, 0x0000000091300000|100%| E|CS|TAMS 0x0000000091200000| PB 0x0000000091200000| Complete |  0
| 103|0x0000000091300000, 0x0000000091400000, 0x0000000091400000|100%| E|CS|TAMS 0x0000000091300000| PB 0x0000000091300000| Complete |  0
| 104|0x0000000091400000, 0x0000000091500000, 0x0000000091500000|100%| E|CS|TAMS 0x0000000091400000| PB 0x0000000091400000| Complete |  0
| 105|0x0000000091500000, 0x0000000091600000, 0x0000000091600000|100%| E|CS|TAMS 0x0000000091500000| PB 0x0000000091500000| Complete |  0
| 106|0x0000000091600000, 0x0000000091700000, 0x0000000091700000|100%| E|CS|TAMS 0x0000000091600000| PB 0x0000000091600000| Complete |  0
| 107|0x0000000091700000, 0x0000000091800000, 0x0000000091800000|100%| E|CS|TAMS 0x0000000091700000| PB 0x0000000091700000| Complete |  0
| 108|0x0000000091800000, 0x0000000091900000, 0x0000000091900000|100%| E|CS|TAMS 0x0000000091800000| PB 0x0000000091800000| Complete |  0
| 109|0x0000000091900000, 0x0000000091a00000, 0x0000000091a00000|100%| E|CS|TAMS 0x0000000091900000| PB 0x0000000091900000| Complete |  0
| 110|0x0000000091a00000, 0x0000000091b00000, 0x0000000091b00000|100%| E|CS|TAMS 0x0000000091a00000| PB 0x0000000091a00000| Complete |  0
| 111|0x0000000091b00000, 0x0000000091c00000, 0x0000000091c00000|100%| E|CS|TAMS 0x0000000091b00000| PB 0x0000000091b00000| Complete |  0
| 112|0x0000000091c00000, 0x0000000091d00000, 0x0000000091d00000|100%| E|CS|TAMS 0x0000000091c00000| PB 0x0000000091c00000| Complete |  0
| 113|0x0000000091d00000, 0x0000000091e00000, 0x0000000091e00000|100%| E|CS|TAMS 0x0000000091d00000| PB 0x0000000091d00000| Complete |  0
| 114|0x0000000091e00000, 0x0000000091f00000, 0x0000000091f00000|100%| E|CS|TAMS 0x0000000091e00000| PB 0x0000000091e00000| Complete |  0
| 115|0x0000000091f00000, 0x0000000092000000, 0x0000000092000000|100%| E|CS|TAMS 0x0000000091f00000| PB 0x0000000091f00000| Complete |  0
| 116|0x0000000092000000, 0x0000000092100000, 0x0000000092100000|100%| E|CS|TAMS 0x0000000092000000| PB 0x0000000092000000| Complete |  0
| 117|0x0000000092100000, 0x0000000092200000, 0x0000000092200000|100%| E|CS|TAMS 0x0000000092100000| PB 0x0000000092100000| Complete |  0
|1874|0x00000000ffe00000, 0x00000000fff00000, 0x00000000fff00000|100%| O|  |TAMS 0x00000000ffe00000| PB 0x00000000ffe00000| Untracked |  0
|1875|0x00000000fff00000, 0x00000000fff257b8, 0x0000000100000000| 14%| O|  |TAMS 0x00000000fff00000| PB 0x00000000fff00000| Untracked |  0

Card table byte_map: [0x0000025f7d870000,0x0000025f7dc20000] _byte_map_base: 0x0000025f7d41a000

Marking Bits: (CMBitMap*) 0x0000025f65957ac0
 Bits: [0x0000025f7dc20000, 0x0000025f7f970000)

Polling page: 0x0000025f63710000

Metaspace:
Metaspace        used 21031K, committed 21312K, reserved 1114112K
 class space     used 2720K, committed 2816K, reserved 1048576K

Usage:
  Non-class:     17.88 MB used.
      Class:      2.66 MB used.
       Both:     20.54 MB used.

Virtual space:
  Non-class space:       64.00 MB reserved,      18.06 MB ( 28%) committed,  1 nodes.
      Class space:        1.00 GB reserved,       2.75 MB ( <1%) committed,  1 nodes.
             Both:        1.06 GB reserved,      20.81 MB (  2%) committed. 

Chunk freelists:
   Non-Class:  13.86 MB
       Class:  13.12 MB
        Both:  26.98 MB

MaxMetaspaceSize: unlimited
CompressedClassSpaceSize: 1.00 GB
Initial GC threshold: 21.00 MB
Current GC threshold: 21.00 MB
CDS: on
 - commit_granule_bytes: 65536.
 - commit_granule_words: 8192.
 - virtual_space_node_default_size: 8388608.
 - enlarge_chunks_in_place: 1.
UseCompressedClassPointers 1, UseCompactObjectHeaders 0
Narrow klass pointer bits 32, Max shift 3
Narrow klass base: 0x000000001b000000, Narrow klass shift: 0
Encoding Range: [0x000000001b000000 - 0x000000011b000000), (4294967296 bytes)
Klass Range:    [0x000000001b010000 - 0x000000005c000000), (1090453504 bytes)
Klass ID Range:  [65536 - 1090519033) (1090453497)
Protection zone: [0x000000001b000000 - 0x000000001b010000), (65536 bytes)


Internal statistics:

num_allocs_failed_limit: 0.
num_arena_births: 238.
num_arena_deaths: 0.
num_vsnodes_births: 2.
num_vsnodes_deaths: 0.
num_space_committed: 333.
num_space_uncommitted: 0.
num_chunks_returned_to_freelist: 0.
num_chunks_taken_from_freelist: 947.
num_chunk_merges: 0.
num_chunk_splits: 651.
num_chunks_enlarged: 515.
num_inconsistent_stats: 0.

CodeHeap 'non-profiled nmethods': size=120064Kb used=1018Kb max_used=1018Kb free=119045Kb
 bounds [0x0000025f75c50000, 0x0000025f75ec0000, 0x0000025f7d190000]
CodeHeap 'profiled nmethods': size=120000Kb used=5452Kb max_used=5452Kb free=114547Kb
 bounds [0x0000025f6e190000, 0x0000025f6e6f0000, 0x0000025f756c0000]
CodeHeap 'non-nmethods': size=5696Kb used=1420Kb max_used=1473Kb free=4276Kb
 bounds [0x0000025f756c0000, 0x0000025f75930000, 0x0000025f75c50000]
CodeCache: size=245760Kb, used=7890Kb, max_used=7943Kb, free=237868Kb
 total_blobs=3911, nmethods=3371, adapters=442, full_count=0
Compilation: enabled, stopped_count=0, restarted_count=0

Compilation events (20 events):
Event: 3.972 Thread 0x0000025f65907430 3274       3       org.springframework.beans.factory.support.MethodOverrides::<init> (16 bytes)
Event: 3.973 Thread 0x0000025f65907430 nmethod 3274 0x0000025f6e6bca88 code [0x0000025f6e6bcb80, 0x0000025f6e6bd298]
Event: 3.973 Thread 0x0000025f65907430 3272       3       java.util.LinkedHashMap$LinkedKeySet::size (8 bytes)
Event: 3.973 Thread 0x0000025f65907430 nmethod 3272 0x0000025f6e6bd308 code [0x0000025f6e6bd400, 0x0000025f6e6bd510]
Event: 3.973 Thread 0x0000025f65907430 3275   !   3       org.springframework.beans.factory.support.AbstractBeanFactory::getMergedBeanDefinition (334 bytes)
Event: 3.975 Thread 0x0000025f65907430 nmethod 3275 0x0000025f6e6bd608 code [0x0000025f6e6bd700, 0x0000025f6e6c0628]
Event: 3.977 Thread 0x0000025f65907430 3276       3       org.springframework.util.ObjectUtils::isEmpty (15 bytes)
Event: 3.977 Thread 0x0000025f65907430 nmethod 3276 0x0000025f6e6c0688 code [0x0000025f6e6c0780, 0x0000025f6e6c08e8]
Event: 3.977 Thread 0x0000025f65907430 3277       3       java.util.HashSet::remove (20 bytes)
Event: 3.977 Thread 0x0000025f65907430 nmethod 3277 0x0000025f6e6c0988 code [0x0000025f6e6c0a80, 0x0000025f6e6c0ca8]
Event: 3.986 Thread 0x0000025f65907430 3278   !   3       org.springframework.beans.factory.support.DefaultSingletonBeanRegistry::getSingleton (181 bytes)
Event: 3.987 Thread 0x0000025f65907430 nmethod 3278 0x0000025f6e6c0d08 code [0x0000025f6e6c0e00, 0x0000025f6e6c1dc8]
Event: 3.987 Thread 0x0000025f65907430 3279       2       org.springframework.beans.factory.support.DefaultSingletonBeanRegistry::isSingletonCurrentlyInCreation (11 bytes)
Event: 3.988 Thread 0x0000025f65907430 nmethod 3279 0x0000025f6e6c1e08 code [0x0000025f6e6c1f00, 0x0000025f6e6c2038]
Event: 3.989 Thread 0x0000025f65907430 3280       3       java.util.HashMap::removeNode (291 bytes)
Event: 3.991 Thread 0x0000025f65907430 nmethod 3280 0x0000025f6e6c2108 code [0x0000025f6e6c2200, 0x0000025f6e6c32f8]
Event: 3.991 Thread 0x0000025f65907430 3282       3       java.lang.Boolean::equals (31 bytes)
Event: 3.991 Thread 0x0000025f65907430 nmethod 3282 0x0000025f6e6c3308 code [0x0000025f6e6c3400, 0x0000025f6e6c37e8]
Event: 3.991 Thread 0x0000025f65907430 3281       1       org.springframework.beans.factory.support.AbstractBeanDefinition::setBeanClass (6 bytes)
Event: 3.991 Thread 0x0000025f65907430 nmethod 3281 0x0000025f75d49a08 code [0x0000025f75d49b00, 0x0000025f75d49c18]

GC Heap Usage History (2 events):
Event: 2.123 {heap Before GC invocations=0 (full 0):
 garbage-first heap   total reserved 1921024K, committed 122880K, used 49301K [0x000000008ac00000, 0x0000000100000000)
  region size 1024K, 47 young (48128K), 0 survivors (0K)
}
Event: 2.138 {heap After GC invocations=1 (full 0):
 garbage-first heap   total reserved 1921024K, committed 122880K, used 7061K [0x000000008ac00000, 0x0000000100000000)
  region size 1024K, 6 young (6144K), 6 survivors (6144K)
}

Metaspace Usage History (2 events):
Event: 2.123 {metaspace Before GC invocations=0 (full 0):
 Metaspace       used 13475K, committed 13696K, reserved 1114112K
  class space    used 1696K, committed 1792K, reserved 1048576K
}
Event: 2.138 {metaspace After GC invocations=1 (full 0):
 Metaspace       used 13475K, committed 13696K, reserved 1114112K
  class space    used 1696K, committed 1792K, reserved 1048576K
}

Dll operation events (6 events):
Event: 0.018 Loaded shared library C:\Program Files\Java\jdk-25.0.3\bin\java.dll
Event: 0.127 Loaded shared library C:\Program Files\Java\jdk-25.0.3\bin\net.dll
Event: 0.131 Loaded shared library C:\Program Files\Java\jdk-25.0.3\bin\nio.dll
Event: 0.137 Loaded shared library C:\Program Files\Java\jdk-25.0.3\bin\zip.dll
Event: 0.260 Loaded shared library C:\Program Files\Java\jdk-25.0.3\bin\jimage.dll
Event: 2.452 Loaded shared library C:\Program Files\Java\jdk-25.0.3\bin\sunmscapi.dll

Deoptimization events (20 events):
Event: 3.461 Thread 0x0000025f63466f70 Uncommon trap: trap_request=0xffffffde fr.pc=0x0000025f75c90dd4 relative=0x00000000000001d4
Event: 3.461 Thread 0x0000025f63466f70 Uncommon trap: reason=class_check action=maybe_recompile pc=0x0000025f75c90dd4 method=java.lang.String.equals(Ljava/lang/Object;)Z @ 8 c2
Event: 3.461 Thread 0x0000025f63466f70 DEOPT PACKING pc=0x0000025f75c90dd4 sp=0x000000b1475fec40
Event: 3.461 Thread 0x0000025f63466f70 DEOPT UNPACKING pc=0x0000025f757df902 sp=0x000000b1475febc8 mode 2
Event: 3.465 Thread 0x0000025f63466f70 Uncommon trap: trap_request=0xffffffde fr.pc=0x0000025f75c90dd4 relative=0x00000000000001d4
Event: 3.465 Thread 0x0000025f63466f70 Uncommon trap: reason=class_check action=maybe_recompile pc=0x0000025f75c90dd4 method=java.lang.String.equals(Ljava/lang/Object;)Z @ 8 c2
Event: 3.465 Thread 0x0000025f63466f70 DEOPT PACKING pc=0x0000025f75c90dd4 sp=0x000000b1475fe910
Event: 3.465 Thread 0x0000025f63466f70 DEOPT UNPACKING pc=0x0000025f757df902 sp=0x000000b1475fe898 mode 2
Event: 3.466 Thread 0x0000025f63466f70 Uncommon trap: trap_request=0xffffffde fr.pc=0x0000025f75d2c6bc relative=0x000000000000023c
Event: 3.466 Thread 0x0000025f63466f70 Uncommon trap: reason=class_check action=maybe_recompile pc=0x0000025f75d2c6bc method=java.lang.String.equals(Ljava/lang/Object;)Z @ 8 c2
Event: 3.466 Thread 0x0000025f63466f70 DEOPT PACKING pc=0x0000025f75d2c6bc sp=0x000000b1475feb00
Event: 3.466 Thread 0x0000025f63466f70 DEOPT UNPACKING pc=0x0000025f757df902 sp=0x000000b1475fea28 mode 2
Event: 3.936 Thread 0x0000025f63466f70 Uncommon trap: trap_request=0xffffff45 fr.pc=0x0000025f75d3d4e8 relative=0x00000000000004e8
Event: 3.936 Thread 0x0000025f63466f70 Uncommon trap: reason=unstable_if action=reinterpret pc=0x0000025f75d3d4e8 method=org.springframework.beans.factory.support.AbstractBeanFactory.getMergedLocalBeanDefinition(Ljava/lang/String;)Lorg/springframework/beans/factory/support/RootBeanDefinition; 
Event: 3.936 Thread 0x0000025f63466f70 DEOPT PACKING pc=0x0000025f75d3d4e8 sp=0x000000b1475ff000
Event: 3.936 Thread 0x0000025f63466f70 DEOPT UNPACKING pc=0x0000025f757df902 sp=0x000000b1475fefa8 mode 2
Event: 3.986 Thread 0x0000025f63466f70 Uncommon trap: trap_request=0xffffff45 fr.pc=0x0000025f75d47c10 relative=0x0000000000000610
Event: 3.986 Thread 0x0000025f63466f70 Uncommon trap: reason=unstable_if action=reinterpret pc=0x0000025f75d47c10 method=org.springframework.beans.factory.support.DefaultSingletonBeanRegistry.getSingleton(Ljava/lang/String;Z)Ljava/lang/Object; @ 20 c2
Event: 3.986 Thread 0x0000025f63466f70 DEOPT PACKING pc=0x0000025f75d47c10 sp=0x000000b1475fdc80
Event: 3.986 Thread 0x0000025f63466f70 DEOPT UNPACKING pc=0x0000025f757df902 sp=0x000000b1475fdc20 mode 2

Classes loaded (20 events):
Event: 3.058 Loading class jdk/internal/classfile/impl/BoundAttribute$BoundNestHostAttribute
Event: 3.059 Loading class jdk/internal/classfile/impl/BoundAttribute$BoundNestHostAttribute done
Event: 3.123 Loading class jdk/internal/classfile/impl/BoundAttribute$BoundExceptionsAttribute
Event: 3.123 Loading class jdk/internal/classfile/impl/BoundAttribute$BoundExceptionsAttribute done
Event: 3.148 Loading class jdk/internal/classfile/impl/AbstractAttributeMapper$RuntimeInvisibleAnnotationsMapper
Event: 3.149 Loading class jdk/internal/classfile/impl/AbstractAttributeMapper$RuntimeInvisibleAnnotationsMapper done
Event: 3.149 Loading class jdk/internal/classfile/impl/BoundAttribute$BoundRuntimeInvisibleAnnotationsAttribute
Event: 3.150 Loading class java/lang/classfile/attribute/RuntimeInvisibleAnnotationsAttribute
Event: 3.150 Loading class java/lang/classfile/attribute/RuntimeInvisibleAnnotationsAttribute done
Event: 3.150 Loading class jdk/internal/classfile/impl/BoundAttribute$BoundRuntimeInvisibleAnnotationsAttribute done
Event: 3.163 Loading class java/util/stream/Streams$ConcatSpliterator$OfRef
Event: 3.163 Loading class java/util/stream/Streams$ConcatSpliterator
Event: 3.164 Loading class java/util/stream/Streams$ConcatSpliterator done
Event: 3.164 Loading class java/util/stream/Streams$ConcatSpliterator$OfRef done
Event: 3.164 Loading class java/util/stream/Streams$2
Event: 3.164 Loading class java/util/stream/Streams$2 done
Event: 3.943 Loading class java/net/SocketException
Event: 3.944 Loading class java/net/SocketException done
Event: 3.982 Loading class javax/naming/NameNotFoundException
Event: 3.982 Loading class javax/naming/NameNotFoundException done

Classes unloaded (0 events):
No events

Classes redefined (0 events):
No events

Internal exceptions (20 events):
Event: 1.417 Thread 0x0000025f63466f70 Exception <a 'java/lang/NoSuchMethodError'{0x000000009075a190}: 'int java.lang.invoke.DirectMethodHandle$Holder.invokeSpecialIFC(java.lang.Object, java.lang.Object, java.lang.Object, java.lang.Object)'> (0x000000009075a190) 
thrown [s\open\src\hotspot\share\interpreter\linkResolver.cpp, line 804]
Event: 1.449 Thread 0x0000025f63466f70 Exception <a 'java/lang/NoSuchMethodError'{0x000000009063c758}: 'void java.lang.invoke.DirectMethodHandle$Holder.invokeInterface(java.lang.Object, java.lang.Object, java.lang.Object)'> (0x000000009063c758) 
thrown [s\open\src\hotspot\share\interpreter\linkResolver.cpp, line 804]
Event: 1.481 Thread 0x0000025f63466f70 Exception <a 'java/lang/NoSuchMethodError'{0x00000000906c82d8}: 'void java.lang.invoke.DirectMethodHandle$Holder.invokeStaticInit(java.lang.Object, java.lang.Object, java.lang.Object)'> (0x00000000906c82d8) 
thrown [s\open\src\hotspot\share\interpreter\linkResolver.cpp, line 804]
Event: 1.489 Thread 0x0000025f63466f70 Exception <a 'java/lang/NoSuchMethodError'{0x00000000906f4d08}: 'java.lang.Object java.lang.invoke.DirectMethodHandle$Holder.invokeVirtual(java.lang.Object, java.lang.Object, java.lang.Object)'> (0x00000000906f4d08) 
thrown [s\open\src\hotspot\share\interpreter\linkResolver.cpp, line 804]
Event: 1.573 Thread 0x0000025f63466f70 Exception <a 'java/lang/NoSuchMethodError'{0x00000000905cbc08}: 'void java.lang.invoke.DirectMethodHandle$Holder.invokeVirtual(java.lang.Object, java.lang.Object, java.lang.Object, java.lang.Object)'> (0x00000000905cbc08) 
thrown [s\open\src\hotspot\share\interpreter\linkResolver.cpp, line 804]
Event: 1.773 Thread 0x0000025f63466f70 Exception <a 'java/lang/IncompatibleClassChangeError'{0x000000008ff3b368}: Found class java.lang.Object, but interface was expected> (0x000000008ff3b368) 
thrown [s\open\src\hotspot\share\interpreter\linkResolver.cpp, line 871]
Event: 1.790 Thread 0x0000025f63466f70 Exception <a 'java/lang/NoSuchMethodError'{0x000000008ff52888}: 'int java.lang.invoke.DirectMethodHandle$Holder.invokeVirtual(java.lang.Object, java.lang.Object)'> (0x000000008ff52888) 
thrown [s\open\src\hotspot\share\interpreter\linkResolver.cpp, line 804]
Event: 1.906 Thread 0x0000025f07895e40 Exception <a 'java/lang/NoSuchMethodError'{0x000000008fc6de88}: 'java.lang.Object java.lang.invoke.Invokers$Holder.linkToTargetMethod(java.lang.Object, int, java.lang.Object, java.lang.Object)'> (0x000000008fc6de88) 
thrown [s\open\src\hotspot\share\interpreter\linkResolver.cpp, line 804]
Event: 2.244 Thread 0x0000025f07895e40 Exception <a 'java/lang/NoSuchMethodError'{0x0000000091df6200}: 'long java.lang.invoke.DirectMethodHandle$Holder.invokeSpecial(java.lang.Object, java.lang.Object)'> (0x0000000091df6200) 
thrown [s\open\src\hotspot\share\interpreter\linkResolver.cpp, line 804]
Event: 2.248 Thread 0x0000025f07895e40 Exception <a 'java/lang/NoSuchMethodError'{0x0000000091c14fe0}: 'long java.lang.invoke.DirectMethodHandle$Holder.invokeStatic(java.lang.Object, java.lang.Object)'> (0x0000000091c14fe0) 
thrown [s\open\src\hotspot\share\interpreter\linkResolver.cpp, line 804]
Event: 2.249 Thread 0x0000025f07895e40 Exception <a 'java/lang/NoSuchMethodError'{0x0000000091c1cd88}: 'long java.lang.invoke.DirectMethodHandle$Holder.invokeStaticInit(java.lang.Object, java.lang.Object)'> (0x0000000091c1cd88) 
thrown [s\open\src\hotspot\share\interpreter\linkResolver.cpp, line 804]
Event: 2.252 Thread 0x0000025f07895e40 Exception <a 'java/lang/NoSuchMethodError'{0x0000000091c42230}: 'long java.lang.invoke.DirectMethodHandle$Holder.invokeInterface(java.lang.Object, java.lang.Object)'> (0x0000000091c42230) 
thrown [s\open\src\hotspot\share\interpreter\linkResolver.cpp, line 804]
Event: 2.253 Thread 0x0000025f07895e40 Exception <a 'java/lang/IncompatibleClassChangeError'{0x0000000091c49ee8}: Found class java.lang.Object, but interface was expected> (0x0000000091c49ee8) 
thrown [s\open\src\hotspot\share\interpreter\linkResolver.cpp, line 871]
Event: 2.341 Thread 0x0000025f07895e40 Exception <a 'java/lang/NoSuchMethodError'{0x00000000918089a8}: 'java.lang.Object java.lang.invoke.DirectMethodHandle$Holder.newInvokeSpecial(java.lang.Object, java.lang.Object, java.lang.Object, int)'> (0x00000000918089a8) 
thrown [s\open\src\hotspot\share\interpreter\linkResolver.cpp, line 804]
Event: 2.342 Thread 0x0000025f07895e40 Exception <a 'java/lang/NoSuchMethodError'{0x00000000918114c0}: 'java.lang.Object java.lang.invoke.Invokers$Holder.linkToTargetMethod(java.lang.Object, java.lang.Object, int, java.lang.Object)'> (0x00000000918114c0) 
thrown [s\open\src\hotspot\share\interpreter\linkResolver.cpp, line 804]
Event: 2.408 Thread 0x0000025f63466f70 Exception <a 'java/lang/NoSuchMethodError'{0x00000000917bce80}: 'int java.lang.invoke.DirectMethodHandle$Holder.invokeSpecial(java.lang.Object, java.lang.Object, java.lang.Object, java.lang.Object, java.lang.Object)'> (0x00000000917bce80) 
thrown [s\open\src\hotspot\share\interpreter\linkResolver.cpp, line 804]
Event: 2.416 Thread 0x0000025f63466f70 Exception <a 'java/lang/NoSuchMethodError'{0x0000000091600d30}: 'void java.lang.invoke.DirectMethodHandle$Holder.invokeVirtual(java.lang.Object, java.lang.Object)'> (0x0000000091600d30) 
thrown [s\open\src\hotspot\share\interpreter\linkResolver.cpp, line 804]
Event: 2.500 Thread 0x0000025f63466f70 Exception <a 'java/lang/NoSuchMethodError'{0x000000009145f698}: 'java.lang.Object java.lang.invoke.DirectMethodHandle$Holder.invokeStatic(java.lang.Object, java.lang.Object, int)'> (0x000000009145f698) 
thrown [s\open\src\hotspot\share\interpreter\linkResolver.cpp, line 804]
Event: 2.901 Thread 0x0000025f63466f70 Exception <a 'java/lang/IncompatibleClassChangeError'{0x0000000091051140}: Found class java.lang.Object, but interface was expected> (0x0000000091051140) 
thrown [s\open\src\hotspot\share\interpreter\linkResolver.cpp, line 871]
Event: 3.941 Thread 0x0000025f63466f70 Exception <a 'java/lang/NoSuchMethodError'{0x000000008fe3d640}: 'java.lang.Object java.lang.invoke.DirectMethodHandle$Holder.newInvokeSpecial(java.lang.Object, java.lang.Object, java.lang.Object, java.lang.Object, java.lang.Object, java.lang.Object)'> (0x000000008fe3d640) 
thrown [s\open\src\hotspot\share\interpreter\linkResolver.cpp, line 804]

VM Operations (20 events):
Event: 1.713 Executing non-safepoint VM operation: HandshakeAllThreads (Deoptimize)
Event: 1.713 Executing non-safepoint VM operation: HandshakeAllThreads (Deoptimize) done
Event: 1.983 Executing non-safepoint VM operation: HandshakeAllThreads (Deoptimize)
Event: 1.983 Executing non-safepoint VM operation: HandshakeAllThreads (Deoptimize) done
Event: 2.122 Executing safepoint VM operation: G1CollectForAllocation (G1 Evacuation Pause)
Event: 2.139 Executing safepoint VM operation: G1CollectForAllocation (G1 Evacuation Pause) done
Event: 2.361 Executing non-safepoint VM operation: HandshakeAllThreads (Deoptimize)
Event: 2.362 Executing non-safepoint VM operation: HandshakeAllThreads (Deoptimize) done
Event: 2.418 Executing non-safepoint VM operation: HandshakeAllThreads (Deoptimize)
Event: 2.418 Executing non-safepoint VM operation: HandshakeAllThreads (Deoptimize) done
Event: 2.441 Executing non-safepoint VM operation: HandshakeAllThreads (Deoptimize)
Event: 2.441 Executing non-safepoint VM operation: HandshakeAllThreads (Deoptimize) done
Event: 2.453 Executing non-safepoint VM operation: HandshakeAllThreads (Deoptimize)
Event: 2.453 Executing non-safepoint VM operation: HandshakeAllThreads (Deoptimize) done
Event: 2.471 Executing non-safepoint VM operation: HandshakeAllThreads (Deoptimize)
Event: 2.471 Executing non-safepoint VM operation: HandshakeAllThreads (Deoptimize) done
Event: 2.920 Executing non-safepoint VM operation: HandshakeAllThreads (Deoptimize)
Event: 2.920 Executing non-safepoint VM operation: HandshakeAllThreads (Deoptimize) done
Event: 3.339 Executing non-safepoint VM operation: HandshakeAllThreads (Deoptimize)
Event: 3.339 Executing non-safepoint VM operation: HandshakeAllThreads (Deoptimize) done

Memory protections (0 events):
No events

Nmethod flushes (0 events):
No events

Events (18 events):
Event: 0.040 Thread 0x0000025f63466f70 Thread added: 0x0000025f63466f70
Event: 0.058 Thread 0x0000025f63466f70 Thread added: 0x0000025f0238b250
Event: 0.059 Thread 0x0000025f63466f70 Thread added: 0x0000025f0238c580
Event: 0.059 Thread 0x0000025f63466f70 Thread added: 0x0000025f0238e5f0
Event: 0.059 Thread 0x0000025f63466f70 Thread added: 0x0000025f023911c0
Event: 0.059 Thread 0x0000025f63466f70 Thread added: 0x0000025f023928f0
Event: 0.059 Thread 0x0000025f63466f70 Thread added: 0x0000025f02394020
Event: 0.059 Thread 0x0000025f63466f70 Thread added: 0x0000025f659053f0
Event: 0.060 Thread 0x0000025f63466f70 Thread added: 0x0000025f65907430
Event: 0.115 Thread 0x0000025f63466f70 Thread added: 0x0000025f0241d770
Event: 0.120 Thread 0x0000025f63466f70 Thread added: 0x0000025f0241e330
Event: 1.736 Thread 0x0000025f63466f70 Thread added: 0x0000025f07895e40
Event: 1.955 Thread 0x0000025f65907430 Thread added: 0x0000025f65908c60
Event: 2.531 Thread 0x0000025f07895e40 Thread exited: 0x0000025f07895e40
Event: 2.746 Thread 0x0000025f65908c60 Thread exited: 0x0000025f65908c60
Event: 2.791 Thread 0x0000025f63466f70 Thread added: 0x0000025f079a6480
Event: 2.850 Thread 0x0000025f079a6480 Thread exited: 0x0000025f079a6480
Event: 2.921 Thread 0x0000025f65907430 Thread added: 0x0000025f65908c60


Dynamic libraries:
0x00007ff7f4050000 - 0x00007ff7f4060000 	C:\Program Files\Java\jdk-25.0.3\bin\java.exe
0x00007ffa1a4c0000 - 0x00007ffa1a726000 	C:\WINDOWS\SYSTEM32\ntdll.dll
0x00007ffa18bc0000 - 0x00007ffa18c89000 	C:\WINDOWS\System32\KERNEL32.DLL
0x00007ffa17b50000 - 0x00007ffa17f4a000 	C:\WINDOWS\System32\KERNELBASE.dll
0x00007ffa17750000 - 0x00007ffa1789c000 	C:\WINDOWS\System32\ucrtbase.dll
0x00007ffa0dc30000 - 0x00007ffa0dc47000 	C:\Program Files\Java\jdk-25.0.3\bin\jli.dll
0x00007ffa10040000 - 0x00007ffa1005e000 	C:\Program Files\Java\jdk-25.0.3\bin\VCRUNTIME140.dll
0x00007ffa19180000 - 0x00007ffa19347000 	C:\WINDOWS\System32\USER32.dll
0x00007ffa18200000 - 0x00007ffa18227000 	C:\WINDOWS\System32\win32u.dll
0x00007ff9ff960000 - 0x00007ff9ffbf2000 	C:\WINDOWS\WinSxS\amd64_microsoft.windows.common-controls_6595b64144ccf1df_6.0.26100.8521_none_3e08b75ce33403b3\COMCTL32.dll
0x00007ffa183d0000 - 0x00007ffa183fb000 	C:\WINDOWS\System32\GDI32.dll
0x00007ffa19db0000 - 0x00007ffa19e59000 	C:\WINDOWS\System32\msvcrt.dll
0x00007ffa178a0000 - 0x00007ffa179cb000 	C:\WINDOWS\System32\gdi32full.dll
0x00007ffa18150000 - 0x00007ffa181f3000 	C:\WINDOWS\System32\msvcp_win.dll
0x00007ffa194c0000 - 0x00007ffa194f2000 	C:\WINDOWS\System32\IMM32.DLL
0x00007ffa146c0000 - 0x00007ffa146cc000 	C:\Program Files\Java\jdk-25.0.3\bin\vcruntime140_1.dll
0x00007ff9f6ac0000 - 0x00007ff9f6b4d000 	C:\Program Files\Java\jdk-25.0.3\bin\msvcp140.dll
0x00007ff979480000 - 0x00007ff97a2e0000 	C:\Program Files\Java\jdk-25.0.3\bin\server\jvm.dll
0x00007ffa19e60000 - 0x00007ffa19f16000 	C:\WINDOWS\System32\ADVAPI32.dll
0x00007ffa19350000 - 0x00007ffa193fa000 	C:\WINDOWS\System32\sechost.dll
0x00007ffa1a000000 - 0x00007ffa1a118000 	C:\WINDOWS\System32\RPCRT4.dll
0x00007ffa18330000 - 0x00007ffa183b0000 	C:\WINDOWS\System32\WS2_32.dll
0x00007ffa175d0000 - 0x00007ffa1762e000 	C:\WINDOWS\SYSTEM32\POWRPROF.dll
0x00007ffa0d270000 - 0x00007ffa0d2a6000 	C:\WINDOWS\SYSTEM32\WINMM.dll
0x00007ffa0d2b0000 - 0x00007ffa0d2bb000 	C:\WINDOWS\SYSTEM32\VERSION.dll
0x00007ffa175b0000 - 0x00007ffa175c4000 	C:\WINDOWS\SYSTEM32\UMPDC.dll
0x00007ffa164c0000 - 0x00007ffa164db000 	C:\WINDOWS\SYSTEM32\kernel.appcore.dll
0x00007ffa14320000 - 0x00007ffa1432a000 	C:\Program Files\Java\jdk-25.0.3\bin\jimage.dll
0x00007ffa0eae0000 - 0x00007ffa0ed22000 	C:\WINDOWS\SYSTEM32\DBGHELP.DLL
0x00007ffa18c90000 - 0x00007ffa19013000 	C:\WINDOWS\System32\combase.dll
0x00007ffa19f20000 - 0x00007ffa19ff9000 	C:\WINDOWS\System32\OLEAUT32.dll
0x00007ff9ffc00000 - 0x00007ff9ffc3b000 	C:\WINDOWS\SYSTEM32\dbgcore.DLL
0x00007ffa180a0000 - 0x00007ffa18148000 	C:\WINDOWS\System32\bcryptPrimitives.dll
0x00007ffa0dc10000 - 0x00007ffa0dc2f000 	C:\Program Files\Java\jdk-25.0.3\bin\java.dll
0x00007ffa19530000 - 0x00007ffa196c8000 	C:\WINDOWS\System32\ole32.dll
0x00007ffa18400000 - 0x00007ffa18b84000 	C:\WINDOWS\System32\SHELL32.dll
0x00007ffa152d0000 - 0x00007ffa15b50000 	C:\WINDOWS\SYSTEM32\windows.storage.dll
0x00007ffa1a120000 - 0x00007ffa1a216000 	C:\WINDOWS\System32\SHCORE.dll
0x00007ffa182c0000 - 0x00007ffa18327000 	C:\WINDOWS\System32\shlwapi.dll
0x00007ffa17670000 - 0x00007ffa17699000 	C:\WINDOWS\SYSTEM32\profapi.dll
0x00007ffa0dbf0000 - 0x00007ffa0dc02000 	C:\Program Files\Java\jdk-25.0.3\bin\net.dll
0x00007ffa16a50000 - 0x00007ffa16abc000 	C:\WINDOWS\system32\mswsock.dll
0x00007ffa0d250000 - 0x00007ffa0d266000 	C:\Program Files\Java\jdk-25.0.3\bin\nio.dll
0x00007ffa0aef0000 - 0x00007ffa0af07000 	C:\Program Files\Java\jdk-25.0.3\bin\zip.dll
0x00007ffa10020000 - 0x00007ffa1002e000 	C:\Program Files\Java\jdk-25.0.3\bin\sunmscapi.dll
0x00007ffa179d0000 - 0x00007ffa17b48000 	C:\WINDOWS\System32\CRYPT32.dll
0x00007ffa16f50000 - 0x00007ffa16f80000 	C:\WINDOWS\SYSTEM32\ncrypt.dll
0x00007ffa16f00000 - 0x00007ffa16f3f000 	C:\WINDOWS\SYSTEM32\NTASN1.dll

JVMTI agents: none

dbghelp: loaded successfully - version: 4.0.5 - missing functions: none
symbol engine: initialized successfully - sym options: 0x614 - pdb path: .;C:\Program Files\Java\jdk-25.0.3\bin;C:\WINDOWS\SYSTEM32;C:\WINDOWS\WinSxS\amd64_microsoft.windows.common-controls_6595b64144ccf1df_6.0.26100.8521_none_3e08b75ce33403b3;C:\Program Files\Java\jdk-25.0.3\bin\server

VM Arguments:
jvm_args: -XX:+ShowCodeDetailsInExceptionMessages 
java_command: com.codewith.firstapp.FirstappApplication
java_class_path (initial): C:\Users\gvapr\Downloads\firstapp\target\classes;C:\Users\gvapr\.m2\repository\org\springframework\boot\spring-boot-starter-webmvc\4.1.0\spring-boot-starter-webmvc-4.1.0.jar;C:\Users\gvapr\.m2\repository\org\springframework\boot\spring-boot-starter\4.1.0\spring-boot-starter-4.1.0.jar;C:\Users\gvapr\.m2\repository\org\springframework\boot\spring-boot-starter-logging\4.1.0\spring-boot-starter-logging-4.1.0.jar;C:\Users\gvapr\.m2\repository\ch\qos\logback\logback-classic\1.5.34\logback-classic-1.5.34.jar;C:\Users\gvapr\.m2\repository\ch\qos\logback\logback-core\1.5.34\logback-core-1.5.34.jar;C:\Users\gvapr\.m2\repository\org\apache\logging\log4j\log4j-to-slf4j\2.25.4\log4j-to-slf4j-2.25.4.jar;C:\Users\gvapr\.m2\repository\org\apache\logging\log4j\log4j-api\2.25.4\log4j-api-2.25.4.jar;C:\Users\gvapr\.m2\repository\org\slf4j\jul-to-slf4j\2.0.18\jul-to-slf4j-2.0.18.jar;C:\Users\gvapr\.m2\repository\org\springframework\boot\spring-boot-autoconfigure\4.1.0\spring-boot-autoconfigure-4.1.0.jar;C:\Users\gvapr\.m2\repository\jakarta\annotation\jakarta.annotation-api\3.0.0\jakarta.annotation-api-3.0.0.jar;C:\Users\gvapr\.m2\repository\org\yaml\snakeyaml\2.6\snakeyaml-2.6.jar;C:\Users\gvapr\.m2\repository\org\springframework\boot\spring-boot-starter-jackson\4.1.0\spring-boot-starter-jackson-4.1.0.jar;C:\Users\gvapr\.m2\repository\org\springframework\boot\spring-boot-jackson\4.1.0\spring-boot-jackson-4.1.0.jar;C:\Users\gvapr\.m2\repository\tools\jackson\core\jackson-databind\3.1.4\jackson-databind-3.1.4.jar;C:\Users\gvapr\.m2\repository\com\fasterxml\jackson\core\jackson-annotations\2.21\jackson-annotations-2.21.jar;C:\Users\gvapr\.m2\repository\tools\jackson\core\jackson-core\3.1.4\jackson-core-3.1.4.jar;C:\Users\gvapr\.m2\repository\org\springframework\boot\spring-boot-starter-tomcat\4.1.0\spring-boot-starter-tomcat-4.1.0.jar;C:\Users\gvapr\.m2\repository\org\springframework\boot\spring-boot-starter-tomcat-runtime\4.1.0\spring-boot-starter-tomcat-runtime-4.1.0.jar;C:\Users\gvapr\.m2\repository\org\apache\tomcat\embed\tomcat-embed-core\11.0.22\tomcat-embed-core-11.0.22.jar;C:\Users\gvapr\.m2\repository\org\apache\tomcat\embed\tomcat-embed-el\11.0.22\tomcat-embed-el-11.0.22.jar;C:\Users\gvapr\.m2\repository\org\apache\tomcat\embed\tomcat-embed-websocket\11.0.22\tomcat-embed-websocket-11.0.22.jar;C:\Users\gvapr\.m2\repository\org\springframework\boot\spring-boot-tomcat\4.1.0\spring-boot-tomcat-4.1.0.jar;C:\Users\gvapr\.m2\repository\org\springframework\boot\spring-boot-http-converter\4.1.0\spring-boot-http-converter-4.1.0.jar;C:\Users\gvapr\.m2\repository\org\springframework\boot\spring-boot\4.1.0\spring-boot-4.1.0.jar;C:\Users\gvapr\.m2\repository\org\springframework\spring-context\7.0.8\spring-context-7.0.8.jar;C:\Users\gvapr\.m2\repository\org\springframework\spring-web\7.0.8\spring-web-7.0.8.jar;C:\Users\gvapr\.m2\repository\org\springframework\spring-beans\7.0.8\spring-beans-7.0.8.jar;C:\Users\gvapr\.m2\repository\io\micrometer\micrometer-observation\1.17.0\micrometer-observation-1.17.0.jar;C:\Users\gvapr\.m2\repository\io\micrometer\micrometer-commons\1.17.0\micrometer-commons-1.17.0.jar;C:\Users\gvapr\.m2\repository\org\springframework\boot\spring-boot-webmvc\4.1.0\spring-boot-webmvc-4.1.0.jar;C:\Users\gvapr\.m2\repository\org\springframework\boot\spring-boot-servlet\4.1.0\spring-boot-servlet-4.1.0.jar;C:\Users\gvapr\.m2\repository\org\springframework\spring-webmvc\7.0.8\spring-webmvc-7.0.8.jar;C:\Users\gvapr\.m2\repository\org\springframework\spring-aop\7.0.8\spring-aop-7.0.8.jar;C:\Users\gvapr\.m2\repository\org\springframework\spring-expression\7.0.8\spring-expression-7.0.8.jar;C:\Users\gvapr\.m2\repository\org\slf4j\slf4j-api\2.0.18\slf4j-api-2.0.18.jar;C:\Users\gvapr\.m2\repository\org\springframework\spring-core\7.0.8\spring-core-7.0.8.jar;C:\Users\gvapr\.m2\repository\commons-logging\commons-logging\1.3.6\commons-logging-1.3.6.jar;C:\Users\gvapr\.m2\repository\org\jspecify\jspecify\1.0.0\jspecify-1.0.0.jar;C:\Users\gvapr\.m2\repository\org\springframework\boot\spring-boot-web-server\4.1.0\spring-boot-web-server-4.1.0.jar
Launcher Type: SUN_STANDARD

[Global flags]
     intx CICompilerCount                          = 4                                         {product} {ergonomic}
     uint ConcGCThreads                            = 2                                         {product} {ergonomic}
     uint G1ConcRefinementThreads                  = 8                                         {product} {ergonomic}
   size_t G1HeapRegionSize                         = 1048576                                   {product} {ergonomic}
   size_t InitialHeapSize                          = 123731968                                 {product} {ergonomic}
   size_t MarkStackSize                            = 4194304                                   {product} {ergonomic}
   size_t MarkStackSizeMax                         = 536870912                                 {product} {ergonomic}
   size_t MaxHeapSize                              = 1967128576                                {product} {ergonomic}
   size_t MaxNewSize                               = 1179648000                                {product} {ergonomic}
   size_t MinHeapDeltaBytes                        = 1048576                                   {product} {ergonomic}
   size_t MinHeapSize                              = 8388608                                   {product} {ergonomic}
    uintx NonNMethodCodeHeapSize                   = 5832704                                {pd product} {ergonomic}
    uintx NonProfiledCodeHeapSize                  = 122945536                              {pd product} {ergonomic}
    uintx ProfiledCodeHeapSize                     = 122880000                              {pd product} {ergonomic}
    uintx ReservedCodeCacheSize                    = 251658240                              {pd product} {ergonomic}
     bool SegmentedCodeCache                       = true                                      {product} {ergonomic}
     bool ShowCodeDetailsInExceptionMessages       = true                                   {manageable} {command line}
   size_t SoftMaxHeapSize                          = 1967128576                             {manageable} {ergonomic}
     bool UseCompressedOops                        = true                           {product lp64_product} {ergonomic}
     bool UseG1GC                                  = true                                      {product} {ergonomic}
     bool UseLargePagesIndividualAllocation        = false                                  {pd product} {ergonomic}

Logging:
Log output configuration:
 #0: stdout all=warning uptime,level,tags foldmultilines=false
 #1: stderr all=off uptime,level,tags foldmultilines=false

Release file:
IMPLEMENTOR="Oracle Corporation" 
JAVA_RUNTIME_VERSION="25.0.3+9-LTS-195" 
JAVA_VERSION="25.0.3" 
JAVA_VERSION_DATE="2026-04-21" 
LIBC="default" 
MODULES="java.base java.compiler java.datatransfer java.xml java.prefs java.desktop java.instrument java.logging java.management java.security.sasl java.naming java.rmi java.management.rmi java.net.http java.scripting java.security.jgss java.transaction.xa java.sql java.sql.rowset java.xml.crypto java.se java.smartcardio jdk.accessibility jdk.internal.jvmstat jdk.attach jdk.charsets jdk.internal.opt jdk.zipfs jdk.compiler jdk.crypto.cryptoki jdk.crypto.ec jdk.crypto.mscapi jdk.dynalink jdk.internal.ed jdk.editpad jdk.internal.vm.ci jdk.graal.compiler jdk.graal.compiler.management jdk.hotspot.agent jdk.httpserver jdk.incubator.vector jdk.internal.le jdk.internal.md jdk.jartool jdk.javadoc jdk.jcmd jdk.management jdk.management.agent jdk.jconsole jdk.jdeps jdk.jdwp.agent jdk.jdi jdk.jfr jdk.jlink jdk.jpackage jdk.jshell jdk.jsobject jdk.jstatd jdk.localedata jdk.management.jfr jdk.naming.dns jdk.naming.rmi jdk.net jdk.nio.mapmode jdk.sctp jdk.security.auth jdk.security.jgss jdk.unsupported jdk.unsupported.desktop jdk.xml.dom" 
OS_ARCH="x86_64" 
OS_NAME="Windows" 
SOURCE=".:git:bf167394bb46 open:git:e57ac4c1e765" 

Environment Variables:
PATH=C:\Program Files\Common Files\Oracle\Java\javapath;C:\WINDOWS\system32;C:\WINDOWS;C:\WINDOWS\System32\Wbem;C:\WINDOWS\System32\WindowsPowerShell\v1.0\;C:\WINDOWS\System32\OpenSSH\;C:\MinGW\bin;C:\Program Files\Git\cmd;C:\Program Files\Amazon\AWSCLIV2\;C:\Program Files\nodejs\;C:\Users\gvapr\Downloads\jdk-25_windows-x64_bin.exe;C:\Users\gvapr\AppData\Local\Microsoft\WindowsApps;C:\Users\gvapr\AppData\Local\Programs\Microsoft VS Code\bin;C:\GnuWin32\bin;C:\Users\gvapr\AppData\Roaming\npm;c:\Users\gvapr\.vscode\extensions\ms-python.debugpy-2026.6.0-win32-x64\bundled\scripts\noConfigScripts;c:\Users\gvapr\.vscode\extensions\vscjava.vscode-java-debug-0.59.0\bundled\scripts\noConfigScripts
USERNAME=gvapr
LANG=en_US.UTF-8
OS=Windows_NT
PROCESSOR_IDENTIFIER=AMD64 Family 23 Model 104 Stepping 1, AuthenticAMD
TMP=C:\Users\gvapr\AppData\Local\Temp
TEMP=C:\Users\gvapr\AppData\Local\Temp




Compilation memory statistics disabled.

Periodic native trim disabled

---------------  S Y S T E M  ---------------

OS:
 Windows 11 , 64 bit Build 26100 (10.0.26100.8521)
OS uptime: 1 days 19:11 hours
Hyper-V role detected

CPU: total 8 (initial active 8) (8 cores per cpu, 2 threads per core) family 23 model 104 stepping 1 microcode 0x8608109, cx8, cmov, fxsr, ht, mmx, 3dnowpref, sse, sse2, sse3, ssse3, sse4a, sse4.1, sse4.2, popcnt, lzcnt, tsc, tscinvbit, avx, avx2, aes, clmul, bmi1, bmi2, adx, sha, fma, vzeroupper, clflush, clflushopt, clwb, hv, rdtscp, rdpid, f16c
Processor Information for the first 8 processors :
  Max Mhz: 2600, Current Mhz: 2600, Mhz Limit: 2600

Memory: 4k page, system-wide physical 7502M (907M free)
TotalPageFile size 12870M (AvailPageFile size 13M)
current process WorkingSet (physical memory assigned to process): 166M, peak: 166M
current process commit charge ("private bytes"): 270M, peak: 284M

vm_info: Java HotSpot(TM) 64-Bit Server VM (25.0.3+9-LTS-195) for windows-amd64 JRE (25.0.3+9-LTS-195), built on 2026-03-11T00:20:00Z with MS VC++ 17.13 (VS2022)

END.
